spec/components/notifier/builders/dependent_service_spec.rb:0.5416109999641776
spec/concerns/sic_concern_spec.rb:0.019795000087469816
spec/controllers/api/v2/users_controller_spec.rb:0.15083699999377131
spec/controllers/broker_agencies/broker_roles_controller_spec.rb:6.170234000077471
spec/controllers/concerns/aptc_spec.rb:0.0033859999384731054
spec/controllers/concerns/sep_all_spec.rb:0.007830000016838312
spec/controllers/employers/broker_agency_controller_spec.rb:8.161930000176653
spec/controllers/employers/census_employees_controller_spec.rb:21.303428000072017
spec/controllers/employers/inboxes_controller_spec.rb:0.9361409998964518
spec/controllers/exchanges/announcements_controller_spec.rb:16.071665999945253
spec/controllers/exchanges/employer_applications_controller_spec.rb:11.126198999816552
spec/controllers/exchanges/issuers_controller_spec.rb:0.5967769999988377
spec/controllers/exchanges/security_questions_controller_spec.rb:8.365641999989748
spec/controllers/hbx_admin_controller_spec.rb:7.248679999960586
spec/controllers/insured/consumer_roles_controller/consumer_roles_controller_update_spec.rb:0.02699499996379018
spec/controllers/insured/employee_roles_controller_spec.rb:12.097366000059992
spec/controllers/insured/group_selection_controller_spec.rb:154.2260960000567
spec/controllers/insured/interactive_identity_verifications_controller_spec.rb:1.5018940002191812
spec/controllers/insured/plan_shoppings_controller_spec.rb:66.1370309998747
spec/controllers/people_controller_spec.rb:4.675744999898598
spec/controllers/ridp_documents_controller_spec.rb:0.6992989999707788
spec/controllers/users_controller_spec.rb:5.528230000054464
spec/controllers/welcome_controller_spec.rb:1.6863359997514635
spec/data_migrations/add_new_eligibility_determination_spec.rb:0.8985910001210868
spec/data_migrations/add_plan_to_enrollment_spec.rb:1.7623189999721944
spec/data_migrations/assign_attested_residency_state_spec.rb:9.183559000026435
spec/data_migrations/broker_email_invitation_spec.rb:0.5367479999549687
spec/data_migrations/cancel_dental_offerings_from_plan_year_spec.rb:0.00033599999733269215
spec/data_migrations/cancel_plan_years_group_spec.rb:3.227902000071481
spec/data_migrations/change_applied_aptc_amount_spec.rb:0.3163489999715239
spec/data_migrations/change_broker_assignment_date_spec.rb:0.5956069999374449
spec/data_migrations/change_broker_npn_spec.rb:0.13588700001128018
spec/data_migrations/change_ce_date_of_termination_spec.rb:0.3873900000471622
spec/data_migrations/change_email_address_spec.rb:0.5656590000726283
spec/data_migrations/change_enrollment_member_applicant_id_spec.rb:1.3407179999630898
spec/data_migrations/change_enrollment_termination_date_spec.rb:0.6143070000689477
spec/data_migrations/change_last_portal_visited_spec.rb:0.178624999942258
spec/data_migrations/change_office_phone_number_spec.rb:0.8249069999437779
spec/data_migrations/change_username_spec.rb:0.20966699998825788
spec/data_migrations/clone_consumer_role_spec.rb:0.3441010001115501
spec/data_migrations/components/fix_office_location_address_kind_spec.rb:0.12405500002205372
spec/data_migrations/components/fix_organization_spec.rb:4.061083999928087
spec/data_migrations/correct_curam_vlp_status_spec.rb:5.1215119999833405
spec/data_migrations/correct_enrollment_status_spec.rb:4.078900000080466
spec/data_migrations/correct_not_lawfully_citizen_status_spec.rb:1.1029509999789298
spec/data_migrations/create_broker_agency_account_for_employer_spec.rb:0.32186800008639693
spec/data_migrations/create_employer_staff_role_spec.rb:0.9154620000626892
spec/data_migrations/create_renewal_plan_year_and_enrollment_spec.rb:4.229051999980584
spec/data_migrations/deactivate_consumer_role_spec.rb:0.18246500007808208
spec/data_migrations/deactivate_employer_staff_role_spec.rb:0.0005269998218864202
spec/data_migrations/delete_dental_enrollments_spec.rb:0.5601250000763685
spec/data_migrations/delete_uploaded_files_spec.rb:0.6617009998299181
spec/data_migrations/delink_broker_spec.rb:0.34964000014588237
spec/data_migrations/disable_person_account_spec.rb:0.08847999991849065
spec/data_migrations/exchange_ssn_between_two_accounts_spec.rb:0.6055200002156198
spec/data_migrations/expire_old_contingent_enrollments_spec.rb:1.1225140001624823
spec/data_migrations/import_ivl_benefit_coverage_period_spec.rb:9.555399999953806
spec/data_migrations/map_dental_plans_spec.rb:0.112209000159055
spec/data_migrations/migrate_invoices_to_employer_profile_spec.rb:0.09927400015294552
spec/data_migrations/migrate_plan_year_spec.rb:0.7089259999338537
spec/data_migrations/move_enrollment_between_two_accounts_spec.rb:3.2001360000576824
spec/data_migrations/move_user_account_between_two_people_accounts_spec.rb:0.5222589999902993
spec/data_migrations/populate_conversion_flag_spec.rb:0.6454189999494702
spec/data_migrations/populate_employee_role_on_enrollments_spec.rb:0.0003980000037699938
spec/data_migrations/reactivate_tax_household_with_assistance_year_spec.rb:0.46149900020100176
spec/data_migrations/remove_consumer_role_spec.rb:2.589007999980822
spec/data_migrations/remove_decertified_brokers_assignments_spec.rb:0.7915729999076575
spec/data_migrations/remove_enrolled_contingent_state_spec.rb:1.3283780000638217
spec/data_migrations/remove_invalid_address_for_person_spec.rb:0.82931900001131
spec/data_migrations/remove_organization_spec.rb:0.2393249999731779
spec/data_migrations/remove_person_ssn_spec.rb:0.10449300007894635
spec/data_migrations/remove_ssn_spec.rb:0.09119900013320148
spec/data_migrations/remove_termination_date_from_enrollment_spec.rb:0.18858800013549626
spec/data_migrations/set_active_vlp_document_spec.rb:0.5839949999935925
spec/data_migrations/trigger_broker_invitation_url_spec.rb:0.18768199998885393
spec/data_migrations/trigger_dental_exit_notice_spec.rb:6.661706000100821
spec/data_migrations/triggering_auto_renewals_for_specific_employer_spec.rb:0.00037800008431077003
spec/data_migrations/triggering_auto_renewals_spec.rb:0.8118439998943359
spec/data_migrations/update_broker_agency_profile_id_spec.rb:0.5006359999533743
spec/data_migrations/update_carefirst_shop_health_plan_deductible_spec.rb:0.08405199996195734
spec/data_migrations/update_carrier_names_spec.rb:0.12733799987472594
spec/data_migrations/update_coverage_household_member_spec.rb:0.13960899994708598
spec/data_migrations/update_ee_dependent_ssn_spec.rb:0.6047700000926852
spec/data_migrations/update_employee_role_id_spec.rb:9.747648000018671
spec/data_migrations/update_employer_status_spec.rb:0.6806189999915659
spec/data_migrations/update_full_phone_number_spec.rb:0.3028039999771863
spec/data_migrations/update_ivl_open_enrollment_dates_spec.rb:6.19953400013037
spec/data_migrations/update_office_location_spec.rb:0.2221680001821369
spec/data_migrations/update_plan_years_with_dental_offerings_spec.rb:1.2014230000786483
spec/data_migrations/update_product_on_fehb_enrollment_spec.rb:0.9936939999461174
spec/data_migrations/update_sep_market_kind_spec.rb:0.5898090000264347
spec/data_migrations/update_user_or_person_records_spec.rb:1.3591319997794926
spec/data_migrations/updating_person_ssn_spec.rb:0.21140899998135865
spec/domain/operations/validate_vlp_document_spec.rb:0.4418430000077933
spec/helpers/broker_agencies/profiles_helper_spec.rb:0.9197370000183582
spec/helpers/hbx_admin_helper_spec.rb:1.0690429999958724
spec/helpers/insured/employee_roles_helper_spec.rb:0.016549000050872564
spec/helpers/portal_header_helper_spec.rb:1.460971999913454
spec/helpers/verification_helper_spec.rb:9.700839000288397
spec/interactors/find_or_create_insured_person_spec.rb:0.21279700007289648
spec/invoices/invoice_helper_spec.rb:0.006606000009924173
spec/lib/object_builders/broker_role_builder_spec.rb:0.04343500011600554
spec/lib/object_builders/product_builder_spec.rb:4.9198839999735355
spec/lib/set_current_user_spec.rb:0.24783899984322488
spec/lib/tasks/conversion_import_spec.rb:1.967949999962002
spec/lib/tasks/hbx_reports/brokers_and_ga_staff_with_URL_from_admin_approval_spec.rb:0.04960999987088144
spec/lib/tasks/hbx_reports/users_account_with_no_email_spec.rb:0.18087899987585843
spec/lib/tasks/migrations/plans/load_rating_areas_spec.rb:0.506410000147298
spec/lib/tasks/migrations/plans/load_rating_factors_spec.rb:17.18947200011462
spec/lib/tasks/migrations/plans/load_sic_code_spec.rb:1.832494999980554
spec/lib/tasks/migrations/plans/plan_cross_walk_spec.rb:1.0037360000424087
spec/lib/tasks/nfp_spec.rb:3.7236359999515116
spec/lib/tasks/renewal_state_change_spec.rb:4.581911999965087
spec/lib/tasks/update_super_group_ids_spec.rb:0.9310039998963475
spec/lib/tasks/update_super_group_spec.rb:0.40450599999167025
spec/models/ach_record_spec.rb:0.26267199986614287
spec/models/admin/aptc_spec.rb:7.249614999862388
spec/models/benefit_package_spec.rb:0.6089910001028329
spec/models/benefit_sponsorship_spec.rb:22.94910000008531
spec/models/broker_agency_profile_spec.rb:9.704485000111163
spec/models/census_dependent_spec.rb:0.1857859999872744
spec/models/census_employee_composite_rating_spec.rb:0.015263000037521124
spec/models/census_employee_query_spec.rb:0.34625400020740926
spec/models/census_member_spec.rb:1.0847199999261647
spec/models/composite_rating_base_rates_calculator_spec.rb:0.008169000037014484
spec/models/composite_rating_list_bill_precalculator_spec.rb:0.005798000143840909
spec/models/concerns/legacy_versioning_records_spec.rb:0.0011229999363422394
spec/models/curam_user_spec.rb:0.040191000094637275
spec/models/effective/datatable/quote_datatable_spec.rb:0.0916170000564307
spec/models/employer_participation_rate_rating_factor_set_spec.rb:0.2466420002747327
spec/models/employer_staff_role_spec.rb:0.8320369999855757
spec/models/enrollment_shopping/enrollment_builder_spec.rb:38.38803399982862
spec/models/factories/eligibility_factory_spec.rb:47.42018000013195
spec/models/factories/employer_enroll_factory_spec.rb:0.0019229999743402004
spec/models/factories/employment_relationship_factory_spec.rb:0.9226180000696331
spec/models/favorite_general_agency_spec.rb:0.3187909999396652
spec/models/fedhub_result_propagation_spec.rb:4.700123000191525
spec/models/forms/employer_profile_spec.rb:2.4441400000359863
spec/models/forms/organization_signup_spec.rb:1.3443809999153018
spec/models/hbx_id_generator_spec.rb:0.005174000049009919
spec/models/hbx_profile_spec.rb:2.8612649999558926
spec/models/importers/conversion_employee_delete_spec.rb:0.0008090001065284014
spec/models/importers/conversion_employee_set_spec.rb:0.1732680001296103
spec/models/importers/conversion_employer_plan_year_set_spec.rb:4.273386999964714
spec/models/importers/conversion_employer_set_spec.rb:3.3433069998864084
spec/models/importers/conversion_employer_update_spec.rb:1.0540000000037253
spec/models/importers/mhc/conversion_employer_create_spec.rb:0.9380710001569241
spec/models/importers/mhc/conversion_employer_plan_year_create_spec.rb:0.1364929999690503
spec/models/importers/transcripts/family_transcript_spec.rb:0.33874200005084276
spec/models/inbox_spec.rb:0.03166400012560189
spec/models/insured/forms/product_form_spec.rb:1.796701000072062
spec/models/insured_eligible_for_benefit_rule_spec.rb:37.91347299981862
spec/models/irs_group_spec.rb:0.06212299992330372
spec/models/listeners/policy_query_listener_spec.rb:0.004630000097677112
spec/models/one_login/ruby_saml/saml_generator_spec.rb:6.385534000117332
spec/models/operations/serialize_current_user_resource_spec.rb:0.014430999988690019
spec/models/parsers/xml/cv/verified_family_parser_spec.rb:0.02714599994942546
spec/models/payload_inflater_spec.rb:0.002217999892309308
spec/models/payment_transaction_spec.rb:2.7079700001049787
spec/models/person_spec.rb:27.488523999927565
spec/models/phone_spec.rb:1.16502399998717
spec/models/premium_table_spec.rb:0.14118899987079203
spec/models/qualifying_life_event_kind_spec.rb:0.1845260001718998
spec/models/queries/employer_plan_offerings_spec.rb:0.0005870000459253788
spec/models/queries/shop_monthly/monthly_enrollment_query_spec.rb:0.7543279998935759
spec/models/queries/shop_monthly/monthly_quiet_period_enrollments_query_spec.rb:42.837821000022814
spec/models/quote_household_spec.rb:1.1837479998357594
spec/models/relationship_benefit_spec.rb:0.6384519999846816
spec/models/rule_set/hbx_enrollment/individual_market_verificiation_spec.rb:12.551244999980554
spec/models/scheduled_event_spec.rb:0.8385530000086874
spec/models/security_question_spec.rb:0.2726869999896735
spec/models/services/ivl_enrollment_service_spec.rb:3.2760380001273006
spec/models/sic_code_rating_factor_set_spec.rb:0.18938400014303625
spec/models/special_enrollment_period_spec.rb:11.394790000049397
spec/models/sponsored_benefits/benefit_application_spec.rb:5.41099700005725
spec/models/subscribers/shop_binder_enrollments_transmission_authorized_spec.rb:0.015791999641805887
spec/models/subscribers/ssa_verification_spec.rb:5.7127469999250025
spec/models/time_keeper_spec.rb:3.008949999930337
spec/models/transcripts/family_transcript_spec.rb:0.3438250001054257
spec/models/user_spec.rb:13.332706999965012
spec/models/vlp_document_spec.rb:0.31543299998156726
spec/notices/ivl_notices/final_catastrophic_plan_notice_spec.rb:25.304824999999255
spec/notices/ivl_notices/final_eligibility_notice_renewal_aqhp_spec.rb:40.349349999800324
spec/notices/ivl_notices/ivl_backlog_verification_notice_uqhp_spec.rb:47.5807930000592
spec/notices/ivl_notices/ivl_tax_notice_spec.rb:16.197005999973044
spec/notices/ivl_notices/ivl_to_coverall_transition_notice_builder_spec.rb:34.66206100001
spec/notices/ivl_notices/ivl_vta_notice_spec.rb:10.745573999825865
spec/notices/shop_employee_notices/ee_sep_request_accepted_notice_spec.rb:35.16762899979949
spec/notices/shop_employee_notices/employee_eligibility_notice_spec.rb:17.410978000145406
spec/notices/shop_employee_notices/employee_terminating_coverage_confirmation_spec.rb:26.96700100018643
spec/notices/shop_employee_notices/notify_employee_due_to_renewal_employer_ineligibility_spec.rb:9.615968000143766
spec/notices/shop_employee_notices/notify_renewal_employees_dental_carriers_exiting_shop_spec.rb:19.177502000005916
spec/notices/shop_employee_notices/open_enrollment_notice_for_unenrolled_spec.rb:10.696509999921545
spec/notices/shop_employee_notices/sep_request_denial_notice_spec.rb:10.84765199990943
spec/notices/shop_employer_notices/broker_hired_confirmation_notice_spec.rb:3.7847380000166595
spec/notices/shop_employer_notices/ee_mid_year_plan_change_notice_spec.rb:23.013163999887183
spec/notices/shop_employer_notices/initial_employer_open_enrollment_completed_spec.rb:7.750777999870479
spec/notices/shop_employer_notices/initial_employer_reminder_to_publish_plan_year_spec.rb:3.9412509999237955
spec/notices/shop_employer_notices/zero_employees_on_roster_spec.rb:3.0790249998681247
spec/notices/shop_general_agency_notices/general_agency_hired_notice_spec.rb:34.36979499994777
spec/policies/census_employee_policy_spec.rb:139.7223670000676
spec/policies/consumer_role_policy_spec.rb:38.74492900003679
spec/policies/family_policy_spec.rb:9.851530000101775
spec/policies/hbx_profile_policy_spec.rb:134.1010800001677
spec/reports/hbx_reports/generate_2017_ehb_report_spec.rb:0.5844110001344234
spec/reports/hbx_reports/ivl_enrollment_report_spec.rb:0.5410339999943972
spec/routing/user_routing_spec.rb:0.07268500002101064
spec/test_data/verified_family_payloads/core_scenarios/core_scenarios_spec.rb:124.55982999992557
spec/views/broker_agencies/profiles/_assign_history.html.erb_spec.rb:1.3632650000508875
spec/views/broker_agencies/profiles/_broker_help.html.erb_spec.rb:1.9081030001398176
spec/views/broker_agencies/profiles/_families_table_for_broker.html.erb_spec.rb:1.1841599999461323
spec/views/broker_agencies/profiles/_general_agencies.html.erb_spec.rb:4.369505999842659
spec/views/broker_agencies/profiles/_staff_table.html.erb_spec.rb:0.6354330000467598
spec/views/employers/broker_agency/_active_broker_modal.html.erb_spec.rb:1.068154999986291
spec/views/employers/census_employees/enrollment_details.html.erb_spec.rb:0.760513000190258
spec/views/employers/census_employees/new.html.erb_spec.rb:7.23400599998422
spec/views/employers/employer_profiles/_enrollment_report_widget.html.erb_spec.rb:0.28702000016346574
spec/views/employers/employer_profiles/_primary_nav.html.erb_spec.rb:3.1826090002432466
spec/views/employers/employer_profiles/my_account/_census_employees.html.erb_spec.rb:3.9884160000365227
spec/views/employers/employer_profiles/my_account/employees_by_status.html.erb_spec.rb:18.186572999926284
spec/views/employers/plan_years/_reference_plan_summary_modal.html.erb_spec.rb:1.6305770000908524
spec/views/events/brokers/created.xml.haml_spec.rb:2.420715000014752
spec/views/events/employers/updated.xml.haml_spec.rb:6.92346700001508
spec/views/events/hbx_enrollment/enrollment_event.xml.haml_spec.rb:2.5851569999940693
spec/views/events/hbx_enrollment/policy.xml.haml_spec.rb:6.779615999897942
spec/views/events/identity_verification/interactive_session_start.xml.haml_spec.rb:1.9461380005814135
spec/views/events/v2/addresses/_address.xml.haml_spec.rb:0.2977419998496771
spec/views/events/v2/employers/_benefit_group.xml.haml_spec.rb:13.241571000078693
spec/views/exchanges/agents/home.html.erb_spec.rb:2.696091999998316
spec/views/exchanges/hbx_profiles/_edit_fein.html.erb_spec.rb:0.614413000177592
spec/views/exchanges/hbx_profiles/_new_benefit_application.html.slim_spec.rb:1.9271980000194162
spec/views/exchanges/scheduled_events/show.html.erb_spec.rb:0.26252100011333823
spec/views/general_agencies/_show.html.erb_spec.rb:18.742824000073597
spec/views/general_agencies/edit.html.erb_spec.rb:32.809979000128806
spec/views/insured/consumer_roles/_form.html.erb_spec.rb:17.7378360000439
spec/views/insured/families/_consumer_brokers_widget.erb_spec.rb:5.1204879998695105
spec/views/insured/families/_effective_on_kind_fields.html.erb_spec.rb:0.44735000003129244
spec/views/insured/families/_employee_broker_widget.erb_spec.rb:2.310081999981776
spec/views/insured/families/_employers_selection.html.erb_spec.rb:0.6493929999414831
spec/views/insured/families/_enrollment_progress.html.erb_spec.rb:0.21658400003798306
spec/views/insured/families/_navigation.html.erb_spec.rb:3.1667400000151247
spec/views/insured/families/_qles_carousel.html.erb_spec.rb:1.5874179999809712
spec/views/insured/families/_qles_panel.html.erb_spec.rb:1.941283999942243
spec/views/insured/families/_shop_for_plans_widget.html.erb_spec.rb:3.866253999993205
spec/views/insured/families/_terminate_confirmation.html.erb_spec.rb:0.27236799988895655
spec/views/insured/families/check_qle_date.js.erb_spec.rb:2.0948380001354963
spec/views/insured/families/documents_upload.html.erb_spec.rb:0.0005830000154674053
spec/views/insured/families/personal.html.erb_spec.rb:6.306440999964252
spec/views/insured/family_members/_dependent.html.erb_spec.rb:0.5422649998217821
spec/views/insured/family_members/destroyed.js.erb_spec.rb:0.2711010000202805
spec/views/insured/group_selection/_enrollment.html.erb_spec.rb:10.74794499995187
spec/views/insured/group_selection/terminate_confirmation.html.erb_spec.rb:20.343111000023782
spec/views/insured/interactive_identity_verifications/failed_validation.html.haml_spec.rb:3.445365000050515
spec/views/insured/interactive_identity_verifications/new.html.haml_spec.rb:0.6237930001225322
spec/views/insured/plan_shoppings/coverage_information.html.slim_spec.rb:1.274027000181377
spec/views/insured/plan_shoppings/print_waiver.html.erb_spec.rb:0.6939590000547469
spec/views/insured/plan_shoppings/thankyou.html.erb_spec.rb:2.2495689999777824
spec/views/layout/horizontal_status.html.erb_spec.rb:0.5244990000501275
spec/views/shared/_alph_paginate_remote.html.erb_spec.rb:0.4000089999753982
spec/views/shared/_comparison.html.erb_spec.rb:27.578208999941126
spec/views/shared/_dependents_list_modal.html.erb_spec.rb:0.7458310001529753
spec/views/shared/_email_fields.html.erb_spec.rb:0.0279959999024868
spec/views/shared/_network_data.html.erb_spec.rb:0.012675999896600842
spec/views/shared/_search.html.erb_spec.rb:0.6917050001211464
spec/views/shared/_signup_progress.html.haml_spec.rb:0.299481000052765
spec/views/shared/home_address_fields.html.erb_spec.rb:0.012672999873757362
spec/views/shared/person/_personal_information.html.erb_spec.rb:0.28267500014044344
spec/views/shared/plan_shoppings/_provider_directory_url.html.erb_spec.rb:0.013299999991431832
spec/views/shared/plan_shoppings/_sbc_link.html.erb_spec.rb:0.020788999972864985
spec/views/shared/plan_shoppings/_select_plan_button.html.erb_spec.rb:0.015569000039249659
spec/views/shared/shared/inboxes/_message_list.html.erb_spec.rb:0.5301779999863356
spec/views/shared/shared/inboxes/_messages_list.html.erb_spec.rb:0.04315000004135072
spec/views/shared/signup_progress.html.erb_spec.rb:0.2195659999269992
spec/views/shared/update_browser_warning.html.erb_spec.rb:1.5115930000320077
spec/views/shared/waive.html.erb_spec.rb:0.24402299989014864
spec/views/ui-components/v1/cards/_benefit_groups.html.slim_spec.rb:2.71472300007008
spec/views/welcome/index.html.slim_spec.rb:71.22300899983384
spec/components/notifier/builders/consumer_role_spec.rb:5.277418999932706
spec/concerns/scheduled_event_service_spec.rb:0.1495390001218766
spec/controllers/api/v1/slcsp_controller_spec.rb:1.0072049999143928
spec/controllers/api/v2/auth_tokens_controller_spec.rb:0.23317799996584654
spec/controllers/broker_agencies/inboxes_controller_spec.rb:4.19242800003849
spec/controllers/broker_agencies/profiles_controller_spec.rb:43.46385399997234
spec/controllers/broker_agencies/quotes_controller_spec.rb:10.46347999991849
spec/controllers/employers/people_controller_spec.rb:1.981770999962464
spec/controllers/events/brokers_controller_spec.rb:0.00607500015757978
spec/controllers/events/ssa_verification_requests_controller_spec.rb:0.7581329999957234
spec/controllers/exchanges/agents_controller_spec.rb:109.71667200000957
spec/controllers/external_applications_controller_spec.rb:3.251913000131026
spec/controllers/families_controller_spec.rb:0.8605349999852479
spec/controllers/general_agencies/profiles_controller_spec.rb:228.15596100012772
spec/controllers/insured/consumer_roles_controller_spec.rb:20.240893999813125
spec/controllers/insured/families_controller_spec.rb:81.36243300000206
spec/controllers/insured/family_members_controller/family_members_controller_update_spec.rb:0.5625579999759793
spec/controllers/insured/family_members_controller_spec.rb:29.51925399992615
spec/controllers/insured/verification_documents_controller_spec.rb:1.2349759999196976
spec/controllers/invitations_controller_spec.rb:1.070102000143379
spec/controllers/users/registrations_controller_spec.rb:1.3787119998596609
spec/controllers/users/security_question_responses_controller_spec.rb:5.227026999928057
spec/data_migrations/activate_benefit_group_assignment_spec.rb:3.6014440001454204
spec/data_migrations/activate_or_deactivate_employer_link_for_broker_spec.rb:2.496987999882549
spec/data_migrations/add_existing_family_member_as_dependent_to_enrollment_spec.rb:1.309370999922976
spec/data_migrations/add_hbx_enrollment_member_spec.rb:1.7046350000891834
spec/data_migrations/add_primary_family_spec.rb:0.26659799995832145
spec/data_migrations/adding_employee_role_spec.rb:35.12297499994747
spec/data_migrations/app/change_renewing_plan_year_aasm_state_spec.rb:0.0004070000723004341
spec/data_migrations/cancel_plan_year_spec.rb:1.6892470000311732
spec/data_migrations/change_aasm_state_dot_census_employee_spec.rb:0.4856670000590384
spec/data_migrations/change_census_employee_details_spec.rb:0.0004710000939667225
spec/data_migrations/change_enrollment_details_spec.rb:5.898435999872163
spec/data_migrations/change_fein_new_model_spec.rb:0.29351600003428757
spec/data_migrations/change_gender_spec.rb:0.3684000000357628
spec/data_migrations/change_hbx_id_spec.rb:0.07544899987988174
spec/data_migrations/change_incorrect_bookmark_url_in_consumer_role_spec.rb:1.6812109998427331
spec/data_migrations/change_initial_plan_year_aasm_state_spec.rb:2.146544999908656
spec/data_migrations/change_new_hire_rule_spec.rb:0.35919300001114607
spec/data_migrations/change_person_dob_spec.rb:0.1315310001373291
spec/data_migrations/change_person_family_member_linkage_spec.rb:0.2800130001269281
spec/data_migrations/change_person_name_suffix_spec.rb:0.19392500002868474
spec/data_migrations/change_person_phone_number_spec.rb:1.1371639999561012
spec/data_migrations/change_plan_year_effective_date_spec.rb:6.742021000012755
spec/data_migrations/change_state_for_passive_enrollment_spec.rb:3.0675239998381585
spec/data_migrations/components/fix_employer_attestation_spec.rb:0.6233129999600351
spec/data_migrations/correct_employees_with_incorrect_waivers_spec.rb:1.9839419999625534
spec/data_migrations/correct_invalid_benefit_group_assignments_for_employer_spec.rb:0.00040200003422796726
spec/data_migrations/create_new_initial_plan_year_using_another_spec.rb:1.1510869998019189
spec/data_migrations/creating_person_record_spec.rb:0.10929100005887449
spec/data_migrations/delete_duplicate_addresses_spec.rb:0.22070599999278784
spec/data_migrations/delete_single_invoice_with_fein_spec.rb:0.5356509999837726
spec/data_migrations/delink_broker_agency_spec.rb:1.0066619999706745
spec/data_migrations/destroy_duplicate_family_spec.rb:0.22025500005111098
spec/data_migrations/destroy_self_relationship_kind_spec.rb:0.21554200001992285
spec/data_migrations/expire_conversion_employers_spec.rb:5.788090999936685
spec/data_migrations/extending_open_enrollment_end_date_for_employers_spec.rb:1.9647460000123829
spec/data_migrations/fix_hbx_enrollment_spec.rb:3.222461000084877
spec/data_migrations/fix_title_for_existing_quotes_spec.rb:2.020718000130728
spec/data_migrations/general_agency_assignment_spec.rb:0.9109060000628233
spec/data_migrations/invalidate_hbx_enrollment_with_broken_current_premium_spec.rb:0.6199670000933111
spec/data_migrations/make_benefit_group_assignment_active_spec.rb:0.3900060001760721
spec/data_migrations/merge_ee_and_er_accounts_spec.rb:0.6923660000320524
spec/data_migrations/migrate_verification_types_spec.rb:4.755260000005364
spec/data_migrations/move_due_date_to_verification_type_level_spec.rb:2.52178500010632
spec/data_migrations/notify_renewal_employees_dental_carriers_exiting_shop_spec.rb:1.4487360001076013
spec/data_migrations/remove_coverage_household_for_inactive_family_member_spec.rb:0.4179840001743287
spec/data_migrations/remove_dependent_from_ee_enrollment_spec.rb:0.9528129999525845
spec/data_migrations/remove_dependent_spec.rb:5.073587999911979
spec/data_migrations/remove_hbx_id_spec.rb:0.04955000011250377
spec/data_migrations/remove_invalid_benefit_group_assignment_for_census_employee_spec.rb:0.00037700007669627666
spec/data_migrations/remove_invalid_broker_agency_accounts_for_employer_spec.rb:1.1976169999688864
spec/data_migrations/remove_invalid_coverage_household_member_spec.rb:0.4309390000998974
spec/data_migrations/remove_invalid_person_relationship_spec.rb:0.12547699990682304
spec/data_migrations/remove_member_from_hbx_enrollment_spec.rb:0.7019570001866668
spec/data_migrations/remove_plan_offerings_for_er_spec.rb:0.364708999870345
spec/data_migrations/remove_resident_role_spec.rb:7.257047000108287
spec/data_migrations/remove_user_record_spec.rb:0.14115999988280237
spec/data_migrations/reset_due_dates_for_outstanding_consumers_spec.rb:8.219342999858782
spec/data_migrations/reset_e_case_id_spec.rb:0.16053599980659783
spec/data_migrations/resolve_census_employee_validation_failures_spec.rb:1.7447039999533445
spec/data_migrations/revert_termination_for_employee_spec.rb:5.616101999999955
spec/data_migrations/terminate_a_census_employee_spec.rb:1.0009419999551028
spec/data_migrations/terminate_census_employee_spec.rb:0.6651869998313487
spec/data_migrations/terminate_enr_with_date_spec.rb:0.2251509998459369
spec/data_migrations/unset_employee_role_id_spec.rb:1.2037060000002384
spec/data_migrations/update_aptc_dental_enr_spec.rb:0.5837439999449998
spec/data_migrations/update_benefit_group_assignment_start_date_spec.rb:0.5126330000348389
spec/data_migrations/update_benefit_group_finalize_composite_rate_spec.rb:1.3832030000630766
spec/data_migrations/update_benefit_group_id_spec.rb:1.5183659999165684
spec/data_migrations/update_benefit_sponsorship_states_spec.rb:5.850618000142276
spec/data_migrations/update_bga_for_identical_benefit_package_spec.rb:1.4802980001550168
spec/data_migrations/update_book_mark_url_for_employee_role_spec.rb:0.20100699993781745
spec/data_migrations/update_carrier_name_spec.rb:0.22049099998548627
spec/data_migrations/update_enrollment_review_status_spec.rb:0.4600649999920279
spec/data_migrations/update_family_members_index_spec.rb:0.5932579999789596
spec/data_migrations/update_fehb_oe_dates_and_contribution_cap_spec.rb:2.26989799994044
spec/data_migrations/update_fields_of_employee_role_spec.rb:1.4155580000951886
spec/data_migrations/update_initial_invoice_title_spec.rb:2.1516670000273734
spec/data_migrations/update_invalid_benefit_group_assignments_for_employer_spec.rb:0.49802200007252395
spec/data_migrations/update_minimum_contribution_factor_on_contribution_unit_spec.rb:0.3512250001076609
spec/data_migrations/update_product_package_rates_spec.rb:1.0612010001204908
spec/data_migrations/update_subject_for_messages_spec.rb:0.13801700016483665
spec/data_migrations/update_verification_types_spec.rb:2.1067859998438507
spec/data_migrations/update_waiver_reason_spec.rb:0.263673999812454
spec/domain/operations/update_dob_ssn_spec.rb:0.9811430000700057
spec/helpers/config/site_helper_spec.rb:0.24478799989446998
spec/helpers/employers/employer_helper_spec.rb:28.359125999966636
spec/helpers/employers/premium_statement_helper_spec.rb:1.5667359998915344
spec/helpers/events_helper_spec.rb:13.377750999759883
spec/helpers/exchanges/broker_applicants_helper_spec.rb:0.22153300000354648
spec/helpers/insured/families_helper_spec.rb:8.87996599986218
spec/helpers/insured/group_selection_helper_spec.rb:65.458120000083
spec/helpers/insured/plan_filter_helper_spec.rb:0.03332899999804795
spec/invoices/employer_invoice_spec.rb:5.489501999923959
spec/lib/migrations/load_federal_holidays_spec.rb:0.09892999986186624
spec/lib/notify_spec.rb:1.3588749999180436
spec/lib/sbc/sbc_processor2015_spec.rb:0.4172100001014769
spec/lib/tasks/cancel_benefit_application_spec.rb:5.345848000142723
spec/lib/tasks/cancel_employer_renewal_spec.rb:13.062125000171363
spec/lib/tasks/hbx_import/broker/broker_parser_spec.rb:0.031900000059977174
spec/lib/tasks/hbx_reports/monthly_reports_sep_spec.rb:2.7624560000840575
spec/lib/tasks/hbx_reports/shop_monthly_enrollments_spec.rb:0.12345399986952543
spec/lib/tasks/iam_black_list/black_list_spec.rb:1.8376660000067204
spec/lib/tasks/migrations/disregard_termination_of_coverage_notice_ee_spec.rb:0.6921720001846552
spec/lib/tasks/migrations/disregard_termination_of_coverage_notice_er_spec.rb:0.6638259999454021
spec/lib/tasks/migrations/plans/load_benefit_market_catalogs_spec.rb:15.868869999889284
spec/lib/tasks/migrations/plans/load_dummy_rates_spec.rb:0.06507700006477535
spec/lib/tasks/notices/shop_employee_notice_for_all_inputs_spec.rb:0.0033839999232441187
spec/lib/tasks/notices/shop_employer_notice_for_all_inputs_spec.rb:0.0017750000115484
spec/lib/tasks/terminate_benefit_application_spec.rb:15.562647999962792
spec/lib/tasks/update_hbx_enrollment_spec.rb:5.801326000131667
spec/mailers/generic_consumer_welcome_spec.rb:0.7524419999681413
spec/models/access_policies/employee_role_spec.rb:8.477700999937952
spec/models/access_policies/employer_profile_spec.rb:9.226034000050277
spec/models/access_policies/general_agency_profile_spec.rb:7.660926999989897
spec/models/address_spec.rb:0.5417870001401752
spec/models/admin/permissions_proxy_spec.rb:0.01804300001822412
spec/models/application_event_mapper_spec.rb:0.012996000004932284
spec/models/aws/s3_storage_spec.rb:0.021761000156402588
spec/models/benefit_coverage_period_spec.rb:32.679988000076264
spec/models/benefit_group_assignment_spec.rb:57.574314000084996
spec/models/broker_role_spec.rb:8.87606199993752
spec/models/census_employee_import_spec.rb:16.783483000006527
spec/models/concerns/value_parsers/optimistic_ssn_parser_spec.rb:0.00823500007390976
spec/models/coverage_and_pricing_reports/hbx_enrollment_pricing_determination_calculator_spec.rb:0.5962250002194196
spec/models/deep_child_failure_spec.rb:0.0971750000026077
spec/models/eligibility_determination_spec.rb:1.6298030000180006
spec/models/employee_role_integration_spec.rb:6.19668099982664
spec/models/employer_group_size_rating_factor_set_spec.rb:0.6815070000011474
spec/models/employer_profile_account_spec.rb:25.476786999963224
spec/models/enrollment_period/base_spec.rb:0.04724799981340766
spec/models/enrollments/replicator/reinstatement_spec.rb:52.42757399985567
spec/models/factories/ivl_plan_shopping_eligibility_factory_spec.rb:63.43509800010361
spec/models/family_member_spec.rb:5.956151999998838
spec/models/financial_statement_spec.rb:0.0012049998622387648
spec/models/forms/broker_candidate_spec.rb:7.794262000126764
spec/models/forms/consumer_candidate_spec.rb:21.214969999855384
spec/models/forms/consumer_role_spec.rb:3.8856639999430627
spec/models/forms/employer_candidate_spec.rb:0.3465180001221597
spec/models/forms/family_member_spec.rb:19.690552999963984
spec/models/forms/general_agency_profile_spec.rb:9.317042999900877
spec/models/forms/people_names_spec.rb:0.008098999969661236
spec/models/full_stripped_names_spec.rb:0.09148399997502565
spec/models/hbx_enrollment_composite_rating_spec.rb:0.05464600003324449
spec/models/hbx_enrollment_member_spec.rb:16.715781999984756
spec/models/hbx_enrollment_mongoid_issues_spec.rb:44.0358309999574
spec/models/hbx_enrollment_spec.rb:344.90890199993737
spec/models/identity_verification/interactive_verification_override_response_spec.rb:0.012083000037819147
spec/models/identity_verification/interactive_verification_response_spec.rb:0.2179720001295209
spec/models/importers/conversion_employee_policy_delete_spec.rb:0.062039999989792705
spec/models/importers/conversion_employee_policy_update_spec.rb:6.775338999927044
spec/models/importers/conversion_employee_update_spec.rb:0.007421999936923385
spec/models/importers/transcripts/enrollment_transcript_spec.rb:3.160244000144303
spec/models/insured/forms/self_term_or_cancel_form_spec.rb:10.64035900007002
spec/models/lawful_presence_determination_spec.rb:2.3306619997601956
spec/models/message_spec.rb:0.0027389999013394117
spec/models/paper_application_spec.rb:0.16380500001832843
spec/models/parsers/xml/cv/importers/enrollment_parser_spec.rb:1.0017850000876933
spec/models/parsers/xml/cv/residency_verification_response_spec.rb:0.004257999826222658
spec/models/plan_selection_spec.rb:6.381219000089914
spec/models/premium_payment_spec.rb:0.0018620002083480358
spec/models/queries/family_datatable_query_spec.rb:0.3830639999359846
spec/models/queries/policy_aggregration_pipeline_spec.rb:20.723792999982834
spec/models/queries/shop_monthly/monthly_renewal_termination_query_spec.rb:0.0006829998455941677
spec/models/quote_member_spec.rb:0.0035200000274926424
spec/models/quote_spec.rb:2.388935999944806
spec/models/ridp_document_spec.rb:0.20227100001648068
spec/models/rule_set/coverage_household/individual_market_verification_spec.rb:0.010079999919980764
spec/models/services/checkbook_services/plan_comparison_spec.rb:16.292791000101715
spec/models/sic_code_spec.rb:0.35728600015863776
spec/models/sponsored_benefits/plan_design_proposals_controller_spec.rb:4.980200000107288
spec/models/subscribers/lawful_presence_spec.rb:1.5289880000054836
spec/models/subscribers/local_residency_spec.rb:1.1892430000007153
spec/models/subscribers/policy_terminations_subscriber_spec.rb:0.02053400012664497
spec/models/subscribers/shop_renewal_transmission_authorized_spec.rb:0.008958999998867512
spec/models/tax_household_spec.rb:43.34679999994114
spec/models/transcripts/enrollment_transcript_spec.rb:2.1015030001290143
spec/models/transcripts/person_transcript_spec.rb:0.10934399999678135
spec/models/verification_type_spec.rb:3.654088000068441
spec/models/workflow_state_transition_spec.rb:0.10824699979275465
spec/notices/ivl_notices/enrollment_notice_builder_spec.rb:96.60911900014617
spec/notices/ivl_notices/final_eligibility_notice_uqhp_spec.rb:24.557574999984354
spec/notices/ivl_notices/ivl_renewal_notice_spec.rb:27.105389999924228
spec/notices/shop_broker_notices/broker_fired_notice_spec.rb:13.284150999970734
spec/notices/shop_broker_notices/broker_hired_notice_spec.rb:13.294423000188544
spec/notices/shop_employee_notices/ee_plan_selection_confirmation_sep_new_hire_spec.rb:28.536521999863908
spec/notices/shop_employee_notices/employee_termination_notice_spec.rb:11.941300000064075
spec/notices/shop_employee_notices/notify_employee_of_initial_employer_ineligibility_spec.rb:3.0289199999533594
spec/notices/shop_employer_notices/employer_broker_fired_notice_spec.rb:0.5412580000702292
spec/notices/shop_employer_notices/employer_invoice_available_spec.rb:6.122593000065535
spec/notices/shop_employer_notices/employer_renewal_notice_spec.rb:2.2232099999673665
spec/notices/shop_employer_notices/group_advance_termination_confirmation_spec.rb:3.8092239999677986
spec/notices/shop_employer_notices/initial_employer_eligibility_notice_spec.rb:4.129914000164717
spec/notices/shop_employer_notices/initial_employer_first_invoice_available_spec.rb:5.594652000116184
spec/notices/shop_employer_notices/renewal_employer_ineligibility_notice_spec.rb:3.15401399997063
spec/notices/shop_employer_notices/renewal_employer_open_enrollment_completed_spec.rb:5.880545999854803
spec/notices/shop_employer_notices/renewal_employer_reminder_to_publish_planyear_spec.rb:2.2604819999542087
spec/policies/angular_admin_application_policy_spec.rb:0.005707999924197793
spec/policies/employer_profile_policy_spec.rb:4.098553000018001
spec/reports/hbx_reports/primary_family_members_data_with_e_case_id_spec.rb:0.10235399985685945
spec/routing/exchanges/security_questions_routing_spec.rb:0.010636999970301986
spec/routing/routes_spec.rb:0.0010619999375194311
spec/script/daily_eligibility_determination_change_report_spec.rb:2.368044000118971
spec/script/projected_eligibility_notice_1_spec.rb:0.2568520000204444
spec/script/projected_eligibility_notice_2_spec.rb:0.12806699983775616
spec/script/qle_new_hire_report_spec.rb:0.47494100010953844
spec/script/shop_sep_query_spec.rb:11.241642999928445
spec/script/update_broker_employer_relationship_spec.rb:0.008765999926254153
spec/views/broker_agencies/profiles/_assign.html.erb_spec.rb:5.711832000175491
spec/views/broker_agencies/profiles/_employers.html.erb_spec.rb:0.704795999918133
spec/views/employers/census_employees/address_fields.html.erb_spec.rb:0.443680000025779
spec/views/employers/census_employees/show.html.erb_spec.rb:24.9968340001069
spec/views/employers/employer_profiles/_billing.html.erb_spec.rb:0.434893999947235
spec/views/employers/employer_profiles/_index_table.html.erb_spec.rb:0.3367139999754727
spec/views/employers/employer_profiles/_menu.html.erb_spec.rb:0.21550799999386072
spec/views/employers/employer_profiles/my_account/_families.html.erb_spec.rb:0.35040799994021654
spec/views/employers/employer_profiles/my_account/profile_tab.html.erb_spec.rb:0.18737199995666742
spec/views/employers/plan_years/_delete_benefit_package_modal.html.erb_spec.rb:0.28347699996083975
spec/views/events/hbx_enrollment/_policy.xml.haml_spec.rb:2.6835920000448823
spec/views/events/identity_verification/interactive_verification_override.xml.haml_spec.rb:0.18410700000822544
spec/views/events/lawful_presence/ssa_verification_request.xml.haml_spec.rb:1.0412019998766482
spec/views/events/v2/organizations/_office_locations.haml_spec.rb:0.4767080000601709
spec/views/exchanges/announcements/_new_form.html.erb_spec.rb:0.32750999997369945
spec/views/exchanges/employer_applications/_index.html.erb_spec.rb:2.3056649998761714
spec/views/exchanges/hbx_profiles/_create_benefit_application.html.erb_spec.rb:0.39140400011092424
spec/views/exchanges/scheduled_events/edit.html.erb_spec.rb:0.9027340000029653
spec/views/exchanges/scheduled_events/new.html.erb_spec.rb:0.25479399994947016
spec/views/hbx_admin/_edit_aptc_csr_spec.rb:5.020403000060469
spec/views/insured/consumer_roles/edit.html.erb_spec.rb:5.320090999826789
spec/views/insured/consumer_roles/immigration_document_options.js.erb_spec.rb:0.8530589998699725
spec/views/insured/employee_roles/search.html.haml_spec.rb:1.4847550000995398
spec/views/insured/families/_consumer_broker.html.erb_spec.rb:0.6884430001955479
spec/views/insured/families/_families_table_for_hbx_staff.html.erb_spec.rb:0.9698670001234859
spec/views/insured/families/_inbox.html.erb_spec.rb:0.21449399995617568
spec/views/insured/families/_qle_detail.html.erb_spec.rb:1.2806090000085533
spec/views/insured/families/home.html.erb_spec.rb:6.745615999912843
spec/views/insured/families/inbox.html.erb_spec.rb:3.4845720001030713
spec/views/insured/families/purchase.html.erb_spec.rb:1.5762539999559522
spec/views/insured/group_selection/edit_plan.html.erb_spec.rb:4.873405999969691
spec/views/insured/group_selection/new.html.erb_spec.rb:19.319557999959216
spec/views/insured/plan_shoppings/_coverage_information.html.erb_spec.rb:0.19793300004675984
spec/views/insured/plan_shoppings/_individual_agreement.html.erb_spec.rb:0.17413500021211803
spec/views/insured/plan_shoppings/_waive_confirmation.html.erb_spec.rb:0.3665199999231845
spec/views/insured/plan_shoppings/plan_filters.html.erb_spec.rb:2.798541999887675
spec/views/insured/plan_shoppings/plans.js.erb_spec.rb:0.2093909999821335
spec/views/insured/plan_shoppings/receipt.html.erb_spec.rb:0.46092900005169213
spec/views/notices/ivl/ivl_vta_notice.html.erb_spec.rb:1.3376029999926686
spec/views/people/landing_pages/_peronal.html.erb_spec.rb:1.8738470000680536
spec/views/products/qhp/summary.js.erb_spec.rb:0.35556999989785254
spec/views/shared/_carrier_contact_information.html.erb_spec.rb:2.1344280000776052
spec/views/shared/census_dependent_fields.html.erb_spec.rb:0.07154799997806549
spec/views/shared/modals/read_only_modal.html.erb_spec.rb:0.1690199999138713
spec/views/shared/my_portal_links.html.erb_spec.rb:2.271730000153184
spec/views/shared/plan_shoppings/_plan_visit_types.html.erb_spec.rb:0.1698989998549223
spec/views/shared/portal_title_spec.rb:1.2058810000307858
spec/views/shared/qle_progress.html.erb_spec.rb:1.3798899999819696
spec/views/shared/sep_shop_for_plans_progress.html.erb_spec.rb:0.8071000000927597
spec/views/ui-components/v1/cards/_employee_enrollments.html.slim_spec.rb:0.7562990000005811
spec/views/ui-components/v1/cards/_summary.html.slim_spec.rb:3.063867999939248
spec/views/ui-components/v1/layouts/_header.slim_spec.rb:0.7751309999730438
spec/controllers/api/v1/agencies_controller_spec.rb:4.662231000140309
spec/controllers/application_controller_spec.rb:2.141643999842927
spec/controllers/concerns/employee_roles_spec.rb:0.5772979999892414
spec/controllers/concerns/vlp_doc_spec.rb:3.4303380001801997
spec/controllers/documents_controller_spec.rb:4.6178029999136925
spec/controllers/employers/employer_attestations_controller_spec.rb:0.7393179999198765
spec/controllers/employers/employer_profiles_controller_spec.rb:2.4686079998500645
spec/controllers/employers/premium_statements_controller_spec.rb:0.47372600017115474
spec/controllers/events/employers_controller_spec.rb:0.007270999951288104
spec/controllers/events/policies_controller_spec.rb:0.007567000109702349
spec/controllers/events/residency_verification_requests_controller_spec.rb:0.3864899999462068
spec/controllers/events/vlp_verification_requests_controller_spec.rb:0.6880760001949966
spec/controllers/exchanges/broker_applicants_controller_spec.rb:4.624426999827847
spec/controllers/exchanges/hbx_profiles_controller_spec.rb:85.80303699988872
spec/controllers/exchanges/inboxes_controller_spec.rb:1.117787999799475
spec/controllers/exchanges/products_controller_spec.rb:1.2188089999835938
spec/controllers/exchanges/scheduled_events_controller_spec.rb:3.241342999972403
spec/controllers/general_agencies/inboxes_controller_spec.rb:34.23800999997184
spec/controllers/insured/inboxes_controller_spec.rb:0.9502739999443293
spec/controllers/insured/resident_roles_controller_spec.rb:9.175290000159293
spec/controllers/payment_transactions_controller_spec.rb:1.9079840001650155
spec/controllers/products/qhp_controller_spec.rb:10.132897000061348
spec/controllers/saml_controller_spec.rb:1.678935999982059
spec/controllers/users/passwords_controller_spec.rb:1.3758129999041557
spec/data_migrations/add_and_remove_enrollment_member_spec.rb:6.796094000106677
spec/data_migrations/add_family_member_to_coverage_household_spec.rb:0.5293459999375045
spec/data_migrations/build_individual_market_transition_spec.rb:0.8659270000644028
spec/data_migrations/build_shop_enrollment_spec.rb:0.0004819999448955059
spec/data_migrations/cancel_enrollment_spec.rb:0.33271300001069903
spec/data_migrations/cancel_policy_spec.rb:0.37489900016225874
spec/data_migrations/change_broker_details_spec.rb:1.0514829999301583
spec/data_migrations/change_census_employee_dot_spec.rb:0.49359000008553267
spec/data_migrations/change_date_of_hire_spec.rb:0.8942390000447631
spec/data_migrations/change_email_of_user_spec.rb:0.15440899995155632
spec/data_migrations/change_er_to_applicant_state_spec.rb:1.2047260000836104
spec/data_migrations/change_fein_spec.rb:0.1535930000245571
spec/data_migrations/change_general_agency_staff_role_spec.rb:0.4802919998764992
spec/data_migrations/change_incorrect_termination_date_in_enrollment_spec.rb:0.4569610001053661
spec/data_migrations/change_plan_year_effective_terminated_on_spec.rb:0.4028829999733716
spec/data_migrations/change_suffix_person_spec.rb:0.16319799982011318
spec/data_migrations/components/fix_benefit_sponsorship_state_spec.rb:1.4541539999190718
spec/data_migrations/correct_plan_in_enrollments_spec.rb:0.3083389999810606
spec/data_migrations/delink_broker_general_agency_spec.rb:0.3599819999653846
spec/data_migrations/delink_user_and_person_spec.rb:0.21117700007744133
spec/data_migrations/ee_without_employee_role_spec.rb:0.6353889999445528
spec/data_migrations/eligibility_determination_determined_on_migration_spec.rb:0.34431800013408065
spec/data_migrations/extend_broker_application_spec.rb:0.45605899998918176
spec/data_migrations/fix_benefit_group_assignments_for_conversion_er_without_active_plan_year_spec.rb:1.634493000106886
spec/data_migrations/fix_experian_verified_people_spec.rb:0.3430039999075234
spec/data_migrations/fix_hub_verified_consumer_spec.rb:0.006388999987393618
spec/data_migrations/fix_invalid_relationship_benefit_in_plan_year_spec.rb:0.42130399984307587
spec/data_migrations/fix_is_subscriber_for_responsible_party_enrollments_spec.rb:0.4488560000900179
spec/data_migrations/fix_plan_year_spec.rb:2.29442899976857
spec/data_migrations/fix_plan_years_to_obey_minimum_open_enrollment_period_spec.rb:0.1955570001155138
spec/data_migrations/group_conversion_employers_migration_spec.rb:4.633468999993056
spec/data_migrations/import_missing_person_contact_info_spec.rb:0.2683439999818802
spec/data_migrations/invoke_hub_response_spec.rb:0.4715700000524521
spec/data_migrations/match_coverage_household_with_family_member_spec.rb:0.8441000001039356
spec/data_migrations/move_domestic_partner_relation_to_immediate_family_spec.rb:1.0853520000819117
spec/data_migrations/move_email_between_two_people_spec.rb:0.14821100002154708
spec/data_migrations/move_employer_staff_role_between_two_people_spec.rb:1.0948699999134988
spec/data_migrations/move_phone_between_person_accounts_spec.rb:0.4778520001564175
spec/data_migrations/permissions_spec.rb:216.66176100005396
spec/data_migrations/products/mapping_to_correct_hios_id_spec.rb:1.3384789999108762
spec/data_migrations/reinstate_plan_year_spec.rb:0.00040200003422796726
spec/data_migrations/remove_all_duplicate_family_members_spec.rb:2.540705000050366
spec/data_migrations/remove_benefit_package_spec.rb:2.102481999900192
spec/data_migrations/remove_ce_from_roster_spec.rb:0.1516589999664575
spec/data_migrations/remove_congress_census_employee_spec.rb:0.00039299996569752693
spec/data_migrations/remove_coverage_household_member_spec.rb:0.6159260000567883
spec/data_migrations/remove_duplicate_broker_agency_accounts_spec.rb:0.24804299999959767
spec/data_migrations/remove_family_member_from_coverage_household_spec.rb:1.006186000071466
spec/data_migrations/remove_one_ce_from_er_spec.rb:0.6132180001586676
spec/data_migrations/terminate_census_employee_with_no_hbx_enrollment_spec.rb:0.23178500006906688
spec/data_migrations/trigger_shop_notices_spec.rb:0.23867799993604422
spec/data_migrations/update_all_ga_staff_is_primary_true_spec.rb:0.2297799999359995
spec/data_migrations/update_all_plan_options_spec.rb:0.1222299998626113
spec/data_migrations/update_aptc_spec.rb:0.3816469998564571
spec/data_migrations/update_broker_agency_profile_legal_name_spec.rb:0.23129200004041195
spec/data_migrations/update_carrier_appointments_spec.rb:0.0008239999879151583
spec/data_migrations/update_conversion_flag_spec.rb:1.2652050000615418
spec/data_migrations/update_curam_user_records_spec.rb:0.2949359999038279
spec/data_migrations/update_dental_relationship_benefits_spec.rb:0.3511130001861602
spec/data_migrations/update_ee_dot_spec.rb:0.23799999989569187
spec/data_migrations/update_employee_plan_selection_spec.rb:0.9729430000297725
spec/data_migrations/update_hbx_enrollment_benefit_group_assignment_spec.rb:1.0585170001722872
spec/data_migrations/update_hbx_id_spec.rb:0.36210999987088144
spec/data_migrations/update_list_bill_contribution_units_spec.rb:0.2244339999742806
spec/data_migrations/update_person_name_spec.rb:0.12273099995218217
spec/data_migrations/update_predecessor_id_on_bp_spec.rb:7.280983000062406
spec/data_migrations/update_qle_tooltip_spec.rb:0.06790600018575788
spec/data_migrations/update_user_email_spec.rb:0.11704700021073222
spec/data_migrations/updating_broker_agency_account_or_profile_spec.rb:1.9661550000309944
spec/data_migrations/updating_person_phone_number_spec.rb:0.1408520000986755
spec/data_migrations/upload_notice_to_employer_account_spec.rb:0.16978199989534914
spec/domain/operations/call_fed_hub_spec.rb:0.8203930000308901
spec/domain/validators/vlp_v37_contract_spec.rb:3.4929599999450147
spec/helpers/application_helper_spec.rb:20.88350799982436
spec/helpers/consumer_roles_helper_spec.rb:1.680623000022024
spec/helpers/insured/plan_shopping/receipt_helper_spec.rb:26.75073099997826
spec/helpers/time_helper_spec.rb:13.552588999969885
spec/interactors/handle_coverage_selected_spec.rb:0.020078999921679497
spec/lib/tasks/hbx_import/employer_monkeypatch_spec.rb:0.02519200020469725
spec/lib/tasks/hbx_reports/outstanding_monthly_enrollments_spec.rb:0.08707799995318055
spec/lib/tasks/migrations/plans/import_provider_and_rx_formulary_url_spec.rb:0.4963849999476224
spec/lib/tasks/migrations/plans/load_dental_pricing_and_contribution_models_spec.rb:0.09196800016798079
spec/lib/tasks/nfp_broker_commissions_spec.rb:2.19551600003615
spec/lib/tasks/recurring/employee_dependent_age_off_termination_spec.rb:1.029352999990806
spec/lib/tasks/terminate_employer_accounts_spec.rb:0.0010720000136643648
spec/mailers/broker_registration_guide_spec.rb:0.25258199987001717
spec/mailers/user_mailer_spec.rb:0.3243530001491308
spec/models/analytics/aggregate_event_spec.rb:7.767354000126943
spec/models/announcement_spec.rb:1.9948080000467598
spec/models/application_event_kind_spec.rb:0.08459499990567565
spec/models/benefit_group_composite_rating_factors_spec.rb:0.20140199945308268
spec/models/benefit_group_spec.rb:45.35224399995059
spec/models/broker_agency_account_spec.rb:0.9192150000017136
spec/models/carrier_profile_spec.rb:1.1958619998767972
spec/models/carrier_service_area_spec.rb:0.8758600000292063
spec/models/census_employee_spec.rb:190.83304199995473
spec/models/composite_rated_plan_cost_decorator_spec.rb:0.008277999935671687
spec/models/composite_rating_tier_factor_set_spec.rb:0.21883999998681247
spec/models/composite_tier_contribution_spec.rb:0.12136600003577769
spec/models/concerns/config/aca_model_concern_spec.rb:0.0016389999072998762
spec/models/concerns/csv_operater_spec.rb:0.00046500004827976227
spec/models/consumer_role_spec.rb:124.54453699989244
spec/models/coverage_and_pricing_reports/hbx_enrollment_sponsor_enrollment_coverage_report_calculator_spec.rb:1.0368020001333207
spec/models/coverage_household_spec.rb:0.025299999862909317
spec/models/email_spec.rb:3.5516569998580962
spec/models/employee_role_spec.rb:70.49799400009215
spec/models/employer_attestation_document_spec.rb:1.649910000152886
spec/models/employer_attestation_spec.rb:2.3737520000431687
spec/models/enrollment_period/special_enrollment_spec.rb:4.107997999992222
spec/models/enrollments/individual_market/family_enrollment_renewal_spec.rb:43.56756499991752
spec/models/enrollments/individual_market/open_enrollment_begin_spec.rb:33.05230199988
spec/models/external_applications/application_profile_spec.rb:0.002107999986037612
spec/models/factories/enrollment_factory_spec.rb:11.580892000114545
spec/models/factories/family_enrollment_clone_factory_spec.rb:28.652851999970153
spec/models/factories/plan_year_renewal_factory_spec.rb:5.994172999868169
spec/models/factories/shop_enrollment_renewal_factory_spec.rb:3.4473800000268966
spec/models/family_spec.rb:254.66592300031334
spec/models/forms/broker_agency_profile_spec.rb:23.55380399990827
spec/models/forms/bulk_actions_for_admin_spec.rb:1.452106999931857
spec/models/forms/employee_candidate_spec.rb:1.76878899987787
spec/models/forms/employment_relationship_spec.rb:0.006137000164017081
spec/models/forms/person_signup_spec.rb:0.9209559999871999
spec/models/general_agency_account_spec.rb:4.671070999931544
spec/models/general_agency_broker_group_spec.rb:0.792503000004217
spec/models/general_agency_profile_spec.rb:16.20950400014408
spec/models/general_agency_staff_role_spec.rb:17.948176000034437
spec/models/group_selection_prevarication_adapter_spec.rb:59.001525999978185
spec/models/hbx_enrollment_list_sponsor_cost_calculator_spec.rb:9.251916999928653
spec/models/household_spec.rb:43.00774399959482
spec/models/importers/conversion_employee_action_spec.rb:0.5638239998370409
spec/models/importers/conversion_employee_create_spec.rb:0.014408000046387315
spec/models/importers/transcripts/person_transcript_spec.rb:0.16779799992218614
spec/models/insured/factories/self_service_factory_spec.rb:39.5835500000976
spec/models/invitation_spec.rb:4.2634829999879
spec/models/office_location_spec.rb:3.1068920001853257
spec/models/organization_spec.rb:13.433866000035778
spec/models/parsers/xml/cv/importers/family_parser_spec.rb:0.740474000107497
spec/models/parsers/xml/cv/importers/individual_parser_spec.rb:0.3156179999932647
spec/models/parsers/xml/cv/lawful_presence_response_parser_spec.rb:0.021970999892801046
spec/models/parsers/xml/cv/ssa_verification_result_parser_spec.rb:0.023490999825298786
spec/models/person_relationship_spec.rb:1.0053600000683218
spec/models/person_versioning_spec.rb:7.803910000016913
spec/models/plan_cost_decorator_congress_spec.rb:5.0752670001238585
spec/models/plan_cost_decorator_spec.rb:5.038785000098869
spec/models/plan_selection_scopes_spec.rb:0.177778999786824
spec/models/plan_spec.rb:11.626112000085413
spec/models/products/qhp_spec.rb:0.16308099986054003
spec/models/queries/named_enrollment_queries_spec.rb:5.031456000171602
spec/models/queries/named_policy_queries_spec.rb:0.0012169999536126852
spec/models/rating_area_spec.rb:0.7394769999664277
spec/models/rating_factor_entry_spec.rb:0.08032700000330806
spec/models/renewal_plan_mapping_spec.rb:0.044790999963879585
spec/models/resident_role_spec.rb:0.017751999897882342
spec/models/saml_information_spec.rb:0.00737499981187284
spec/models/services/applicable_aptc_service_spec.rb:0.4306530000176281
spec/models/services/available_eligibility_service_spec.rb:0.26448899996466935
spec/models/services/employee_signup_match_spec.rb:0.007294999901205301
spec/models/services/ivl_enrollment_renewal_service_spec.rb:16.985187999904156
spec/models/setting_spec.rb:0.007573000155389309
spec/models/special_verification_spec.rb:0.012469999957829714
spec/models/sponsored_benefits/employer_profile_builder_spec.rb:3.6560029999818653
spec/models/subscribers/date_change_spec.rb:0.0026979998219758272
spec/models/subscribers/default_ga_changed_spec.rb:1.5324470000341535
spec/models/subscribers/family_application_completed_spec.rb:9.175964000169188
spec/models/subscribers/nfp_statement_history_spec.rb:1.9863820001482964
spec/models/tax_household_member_spec.rb:0.7043290000874549
spec/models/unassisted_plan_cost_decorator_spec.rb:47.35370000009425
spec/notices/general_agency_notices/general_agency_terminated_notice_spec.rb:10.718584000132978
spec/notices/ivl_notices/coverall_to_ivl_transition_notice_builder_spec.rb:17.1894499999471
spec/notices/ivl_notices/enrollment_notice_builder_with_date_range_spec.rb:93.2763069998473
spec/notices/ivl_notices/final_eligibility_notice_aqhp_spec.rb:37.571776000084355
spec/notices/ivl_notices/final_eligibility_notice_renewal_uqhp_spec.rb:31.82325300015509
spec/notices/ivl_notices/reminder_notice_spec.rb:16.333008999936283
spec/notices/ivl_notices/second_ivl_renewal_notice_spec.rb:27.23840199992992
spec/notices/shop_broker_notices/broker_agency_hired_notice_spec.rb:12.353541999822482
spec/notices/shop_employee_notices/employee_open_enrollment_reminder_notice_spec.rb:6.988941000076011
spec/notices/shop_employee_notices/open_enrollment_notice_for_auto_renewal_spec.rb:6.530910999979824
spec/notices/shop_employee_notices/open_enrollment_notice_for_no_renewal_spec.rb:5.520317000104114
spec/notices/shop_employee_notices/termination_of_employers_health_coverage_spec.rb:34.16256600013003
spec/notices/shop_employer_notices/employee_terminating_coverage_spec.rb:11.32763099996373
spec/notices/shop_employer_notices/employer_account_creation_notice_spec.rb:4.652589999837801
spec/notices/shop_employer_notices/employer_renewal_eligibility_denial_notice_spec.rb:1.1972219999879599
spec/notices/shop_employer_notices/initial_employer_denial_notice_spec.rb:1.5966419999022037
spec/notices/shop_employer_notices/initial_employer_ineligibility_notice_spec.rb:5.782773999962956
spec/notices/shop_employer_notices/low_enrollment_notice_spec.rb:6.854312999872491
spec/notices/shop_employer_notices/renewal_employer_eligibility_notice_spec.rb:4.43710199999623
spec/policies/broker_agency_profile_policy_spec.rb:3.2332790000364184
spec/policies/person_policy_spec.rb:3.697795999934897
spec/policies/user_policy_spec.rb:0.008916000137105584
spec/reports/hbx_reports/edi_enrollment_termination_report_spec.rb:8.78756000008434
spec/reports/hbx_reports/shop_enrollment_report_spec.rb:0.2092279999051243
spec/reports/outstanding_types_report_spec.rb:0.005326000042259693
spec/script/cobra_enrollment_report_spec.rb:0.007243999978527427
spec/script/fix_vlp_document_other_i94_spec.rb:1.0473340000025928
spec/views/broker_agencies/broker_roles/_existing_broker_agency_form.html.erb_spec.rb:1.7887869998812675
spec/views/broker_agencies/broker_roles/_search_broker_agency.html.erb_spec.rb:0.4741569999605417
spec/views/broker_agencies/broker_roles/confirmation.html.erb_spec.rb:0.16483399993740022
spec/views/broker_agencies/profiles/_families.html.erb_spec.rb:0.3905879999510944
spec/views/broker_agencies/profiles/_menu.html.erb_spec.rb:2.1293200000654906
spec/views/broker_agencies/profiles/edit.html.erb_spec.rb:1.9512920000124723
spec/views/employers/employer_profiles/_employer_broker_widget.html.erb_spec.rb:0.5355420000851154
spec/views/employers/employer_profiles/_employer_form.html.erb_spec.rb:1.164290999993682
spec/views/employers/employer_profiles/_show_profile.html.erb_spec.rb:3.0950360000133514
spec/views/employers/employer_profiles/my_account/_enrollment_progress_bar.erb_spec.rb:0.20650199986994267
spec/views/employers/employer_profiles/my_account/home_tab.html.erb_spec.rb:0.9878100000787526
spec/views/employers/plan_years/new.html.erb_spec.rb:2.039793999865651
spec/views/employers/plan_years/plan_details/plan_details.html.erb_spec.rb:0.4605289997998625
spec/views/employers/plan_years/plan_options.html.erb_spec.rb:0.34934699977748096
spec/views/events/hbx_enrollment/affected_member.xml.haml_spec.rb:1.881349999923259
spec/views/events/identity_verification/interactive_questions_response.xml.haml_spec.rb:0.2244260001461953
spec/views/events/individuals/created.xml.haml_spec.rb:2.624046000186354
spec/views/events/lawful_presence/vlp_verification_request.xml.haml_spec.rb:1.8873590000439435
spec/views/events/residency/verification_request.xml.haml_spec.rb:1.1890360002871603
spec/views/events/v2/employers/_broker_agency_account.xml.haml_spec.rb:2.620201999787241
spec/views/events/v2/employers/_elected_plan.xml.haml_spec.rb:0.5481080000754446
spec/views/events/v2/employers/updated.xml.haml_spec.rb:42.24259899999015
spec/views/exchanges/agents/_primary_nav.html.erb_spec.rb:0.2273270001169294
spec/views/exchanges/announcements/_list.html.erb_spec.rb:0.2834210000000894
spec/views/exchanges/announcements/index.html.erb_spec.rb:1.9954979999456555
spec/views/exchanges/hbx_profiles/_edit_enrollment.html.erb_spec.rb:0.6859220000915229
spec/views/exchanges/hbx_profiles/_edit_force_publish.html.erb_spec.rb:1.526534000178799
spec/views/exchanges/hbx_profiles/show.html.erb_spec.rb:0.749117000028491
spec/views/exchanges/scheduled_events/index.html.erb_spec.rb:0.5527939999010414
spec/views/general_agencies/_index.html.erb_spec.rb:40.45848200004548
spec/views/general_agencies/_staffs.html.erb_spec.rb:13.734829999972135
spec/views/insured/consumer_roles/search.html.haml_spec.rb:1.610714000184089
spec/views/insured/employee_roles/match.html.haml_spec.rb:1.727894000010565
spec/views/insured/employee_roles/new_message_form.html.erb_spec.rb:0.16524200001731515
spec/views/insured/employee_roles/no_match.html.haml_spec.rb:0.7278259999584407
spec/views/insured/employee_roles/privacy.html.erb_spec.rb:0.1928469999693334
spec/views/insured/families/_employer_panel.html.erb_spec.rb:1.9059039999265224
spec/views/insured/families/_enrollment.html.erb_spec.rb:1.2067500001285225
spec/views/insured/families/_help_me_sign_up_widget.html.erb_spec.rb:0.15787200001068413
spec/views/insured/families/_navigate_to_curam_for_documents.html.erb_spec.rb:0.1570289998780936
spec/views/insured/families/_qles.html.erb_spec.rb:1.4829440000467002
spec/views/insured/families/_waived_coverage_widget.erb_spec.rb:3.754913000157103
spec/views/insured/families/find_sep.html.erb_spec.rb:2.048937999876216
spec/views/insured/family_members/_dependent_form.html.erb_spec.rb:3.1938809999264777
spec/views/insured/family_members/index.html.erb_spec.rb:1.0472440000157803
spec/views/insured/family_members/show.js.erb_spec.rb:0.7703219999093562
spec/views/insured/interactive_identity_verifications/service_unavailable.html.haml_spec.rb:1.3028440000489354
spec/views/notices/ivl/final_catastrophic_plan_letter.html.erb_spec.rb:1.4071939999703318
spec/views/notices/ivl/ivl_tax_notice.html.erb_spec.rb:2.2270420000422746
spec/views/shared/_tab_panel.html.erb_spec.rb:0.14398499997332692
spec/views/shared/edit_reference_plans_list.html.erb_spec.rb:0.42816300014965236
spec/views/shared/plan_shoppings/_more_plan_details.html.erb_spec.rb:0.926065000006929
spec/views/shared/shared/custom_dental_offered_plans_modal.html.erb_spec.rb:0.45390400011092424
spec/views/shared/shop_for_plans_progress.html.erb_spec.rb:0.8964629999827594
spec/views/ui-components/v1/layouts/_footer.html.slim_spec.rb:0.28739900002256036
